


ARM Macro Assembler    Page 1 


    1 00000000         ;*******************************************************
                       ********************
    2 00000000                 THUMB
    3 00000000                 REQUIRE8
    4 00000000                 PRESERVE8
    5 00000000         
    6 00000000         ;*******************************************************
                       *******************
    7 00000000         ;  Fichier Vierge.asm
    8 00000000         ; Auteur : V.MAHOUT
    9 00000000         ; Date :  12/11/2013
   10 00000000         ;*******************************************************
                       *******************
   11 00000000         
   12 00000000         ;***************IMPORT/EXPORT***************************
                       *******************
   13 00000000         
   14 00000000                 EXPORT           Bleu
   15 00000000                 EXPORT           Blanc
   16 00000000                 EXPORT           Rouge
   17 00000000                 EXPORT           PBleu
   18 00000000                 EXPORT           PBlanc
   19 00000000                 EXPORT           PRouge
   20 00000000                 EXPORT           France
   21 00000000         
   22 00000000         
   23 00000000         ;*******************************************************
                       *******************
   24 00000000         
   25 00000000         
   26 00000000         
   27 00000000         ;***************CONSTANTES******************************
                       *******************
   28 00000000         
   29 00000000                 include          REG_UTILES.inc
    1 00000000         
    2 00000000         ;**************************************
    3 00000000         ;     Les adresess utiles  
    4 00000000         ;***************************************
    5 00000000         
    6 00000000         
    7 00000000         ;**************************************
    8 00000000         ;     Affectation des bits GPIO  
    9 00000000         ;***************************************
   10 00000000         ; GSLCK..... PA0 
   11 00000000         ; DSPRG..... PA1 
   12 00000000         ; BLANK..... PA2 
   13 00000000         ; XLAT...... PA3
   14 00000000         ; VPRG...... PA4
   15 00000000         ; SCLK...... PA5
   16 00000000         ; SIN1...... PA7
   17 00000000         ;Capteur.....PA8
   18 00000000         
   19 00000000         ;LED.........PB10
   20 00000000         ;****************************************/
   21 00000000         
   22 00000000 00000008 
                       Nbsecteurs
                               equ              8



ARM Macro Assembler    Page 2 


   23 00000000 00000003 
                       PuissanceNbSecteur
                               equ              3
   24 00000000         
   25 00000000 40010800 
                       GPIOBASEA
                               EQU              0X40010800
   26 00000000 40010C00 
                       GPIOBASEB
                               EQU              0X40010C00
   27 00000000         
   28 00000000 00000008 
                       OffsetInput
                               EQU              0x08
   29 00000000 0000000C 
                       OffsetOutput
                               EQU              0x0C
   30 00000000 00000010 
                       OffsetSet
                               EQU              0x10
   31 00000000 00000014 
                       OffsetReset
                               EQU              0x14
   32 00000000         
   33 00000000         
   34 00000000 00000080 
                       MaskSerial_In1
                               equ              0x80
   35 00000000 00000080 
                       MaskSerial_Dots
                               equ              0x80
   36 00000000 00000010 
                       MaskVprg
                               equ              0x10
   37 00000000 00000008 
                       MaskXlat
                               equ              0x08
   38 00000000 00000004 
                       MaskBlank
                               equ              0x04
   39 00000000 00000020 
                       MaskSclk
                               equ              0x20
   40 00000000 00000002 
                       MaskDsprg
                               equ              0x02
   41 00000000 00000001 
                       MaskGsclk
                               equ              0x01
   42 00000000         
   43 00000000         
   44 00000000 E000ED08 
                       SCB_VTOR
                               EQU              0xE000ED08
   45 00000000 40012C10 
                       TIM1_SR EQU              0x40012c10
   46 00000000 40012C24 
                       TIM1_CNT
                               EQU              0x40012c24



ARM Macro Assembler    Page 3 


   47 00000000 4000082C 
                       TIM4_ARR
                               EQU              0x4000082C
   48 00000000 40000810 
                       TIM4_SR EQU              0x40000810
   49 00000000         
   50 00000000         
   51 00000000         
   52 00000000         
   53 00000000         
   54 00000000                 END
   30 00000000         
   31 00000000         ;*******************************************************
                       *******************
   32 00000000         
   33 00000000         
   34 00000000         ;***************VARIABLES*******************************
                       *******************
   35 00000000                 AREA             MesDonnees, data, readwrite
   36 00000000         ;*******************************************************
                       *******************
   37 00000000         
   38 00000000 FF FF FF 
                       Blanc   DCB              255, 255, 255
   39 00000003 FF FF FF        DCB              255, 255, 255
   40 00000006 FF FF FF        DCB              255, 255, 255
   41 00000009 FF FF FF        DCB              255, 255, 255
   42 0000000C FF FF FF        DCB              255, 255, 255
   43 0000000F FF FF FF        DCB              255, 255, 255
   44 00000012 FF FF FF        DCB              255, 255, 255
   45 00000015 FF FF FF        DCB              255, 255, 255
   46 00000018 FF FF FF        DCB              255, 255, 255
   47 0000001B FF FF FF        DCB              255, 255, 255
   48 0000001E FF FF FF        DCB              255, 255, 255
   49 00000021 FF FF FF        DCB              255, 255, 255
   50 00000024 FF FF FF        DCB              255, 255, 255
   51 00000027 FF FF FF        DCB              255, 255, 255
   52 0000002A FF FF FF        DCB              255, 255, 255
   53 0000002D FF FF FF        DCB              255, 255, 255 ;blanc
   54 00000030         
   55 00000030 FF 00 00 
                       Bleu    DCB              255, 0, 0
   56 00000033 FF 00 00        DCB              255, 0, 0
   57 00000036 FF 00 00        DCB              255, 0, 0
   58 00000039 FF 00 00        DCB              255, 0, 0
   59 0000003C FF 00 00        DCB              255, 0, 0
   60 0000003F FF 00 00        DCB              255, 0, 0
   61 00000042 FF 00 00        DCB              255, 0, 0
   62 00000045 FF 00 00        DCB              255, 0, 0
   63 00000048 FF 00 00        DCB              255, 0, 0
   64 0000004B FF 00 00        DCB              255, 0, 0
   65 0000004E FF 00 00        DCB              255, 0, 0
   66 00000051 FF 00 00        DCB              255, 0, 0
   67 00000054 FF 00 00        DCB              255, 0, 0
   68 00000057 FF 00 00        DCB              255, 0, 0
   69 0000005A FF 00 00        DCB              255, 0, 0
   70 0000005D FF 00 00        DCB              255, 0, 0   ;bleu
   71 00000060         
   72 00000060 00 FF FF 



ARM Macro Assembler    Page 4 


                       Couleur DCB              0, 255, 255
   73 00000063 00 FF FF        DCB              0, 255, 255
   74 00000066 00 FF FF        DCB              0, 255, 255
   75 00000069 00 FF FF        DCB              0, 255, 255
   76 0000006C 00 FF FF        DCB              0, 255, 255
   77 0000006F 00 FF FF        DCB              0, 255, 255
   78 00000072 00 FF FF        DCB              0, 255, 255
   79 00000075 00 FF FF        DCB              0, 255, 255
   80 00000078 00 FF FF        DCB              0, 255, 255
   81 0000007B 00 FF FF        DCB              0, 255, 255
   82 0000007E 00 FF FF        DCB              0, 255, 255
   83 00000081 00 FF FF        DCB              0, 255, 255
   84 00000084 00 FF FF        DCB              0, 255, 255
   85 00000087 00 FF FF        DCB              0, 255, 255
   86 0000008A 00 FF FF        DCB              0, 255, 255
   87 0000008D 00 FF FF        DCB              0, 255, 255
   88 00000090         
   89 00000090 00 00 FF 
                       Rouge   DCB              0, 0, 255
   90 00000093 00 00 FF        DCB              0, 0, 255
   91 00000096 00 00 FF        DCB              0, 0, 255
   92 00000099 00 00 FF        DCB              0, 0, 255
   93 0000009C 00 00 FF        DCB              0, 0, 255
   94 0000009F 00 00 FF        DCB              0, 0, 255
   95 000000A2 00 00 FF        DCB              0, 0, 255
   96 000000A5 00 00 FF        DCB              0, 0, 255
   97 000000A8 00 00 FF        DCB              0, 0, 255
   98 000000AB 00 00 FF        DCB              0, 0, 255
   99 000000AE 00 00 FF        DCB              0, 0, 255
  100 000000B1 00 00 FF        DCB              0, 0, 255
  101 000000B4 00 00 FF        DCB              0, 0, 255
  102 000000B7 00 00 FF        DCB              0, 0, 255
  103 000000BA 00 00 FF        DCB              0, 0, 255
  104 000000BD 00 00 FF        DCB              0, 0, 255   ;rouge255
  105 000000C0         
  106 000000C0 00 00 00 
                       PBlanc  DCB              0, 0, 0
  107 000000C3 00 00 00        DCB              0, 0, 0
  108 000000C6 00 00 00        DCB              0, 0, 0
  109 000000C9 00 00 00        DCB              0, 0, 0
  110 000000CC 00 00 00        DCB              0, 0, 0
  111 000000CF FF FF FF        DCB              255, 255, 255
  112 000000D2 FF FF FF        DCB              255, 255, 255
  113 000000D5 FF FF FF        DCB              255, 255, 255
  114 000000D8 FF FF FF        DCB              255, 255, 255
  115 000000DB FF FF FF        DCB              255, 255, 255
  116 000000DE FF FF FF        DCB              255, 255, 255
  117 000000E1 00 00 00        DCB              0, 0, 0
  118 000000E4 00 00 00        DCB              0, 0, 0
  119 000000E7 00 00 00        DCB              0, 0, 0
  120 000000EA 00 00 00        DCB              0, 0, 0
  121 000000ED 00 00 00        DCB              0, 0, 0     ;petitblanc
  122 000000F0         
  123 000000F0 00 00 00 
                       PBleu   DCB              0, 0, 0
  124 000000F3 00 00 00        DCB              0, 0, 0
  125 000000F6 00 00 00        DCB              0, 0, 0
  126 000000F9 00 00 00        DCB              0, 0, 0
  127 000000FC 00 00 00        DCB              0, 0, 0



ARM Macro Assembler    Page 5 


  128 000000FF 00 00 00        DCB              0, 0, 0
  129 00000102 00 00 00        DCB              0, 0, 0
  130 00000105 00 00 00        DCB              0, 0, 0
  131 00000108 00 00 00        DCB              0, 0, 0
  132 0000010B 00 00 00        DCB              0, 0, 0
  133 0000010E 00 00 00        DCB              0, 0, 0
  134 00000111 FF 00 00        DCB              255, 0, 0
  135 00000114 FF 00 00        DCB              255, 0, 0
  136 00000117 FF 00 00        DCB              255, 0, 0
  137 0000011A FF 00 00        DCB              255, 0, 0
  138 0000011D FF 00 00        DCB              255, 0, 0   ;petitbleu
  139 00000120         
  140 00000120 00 00 FF 
                       PRouge  DCB              0, 0, 255
  141 00000123 00 00 FF        DCB              0, 0, 255
  142 00000126 00 00 FF        DCB              0, 0, 255
  143 00000129 00 00 FF        DCB              0, 0, 255
  144 0000012C 00 00 FF        DCB              0, 0, 255
  145 0000012F 00 00 00        DCB              0, 0, 0
  146 00000132 00 00 00        DCB              0, 0, 0
  147 00000135 00 00 00        DCB              0, 0, 0
  148 00000138 00 00 00        DCB              0, 0, 0
  149 0000013B 00 00 00        DCB              0, 0, 0
  150 0000013E 00 00 00        DCB              0, 0, 0
  151 00000141 00 00 00        DCB              0, 0, 0
  152 00000144 00 00 00        DCB              0, 0, 0
  153 00000147 00 00 00        DCB              0, 0, 0
  154 0000014A 00 00 00        DCB              0, 0, 0
  155 0000014D 00 00 00        DCB              0, 0, 0     ;petitrouge
  156 00000150         
  157 00000150 00 00 FF 
                       France  DCB              0, 0, 255
  158 00000153 00 00 FF        DCB              0, 0, 255
  159 00000156 00 00 FF        DCB              0, 0, 255
  160 00000159 00 00 FF        DCB              0, 0, 255
  161 0000015C 00 00 FF        DCB              0, 0, 255
  162 0000015F FF FF FF        DCB              255, 255, 255
  163 00000162 FF FF FF        DCB              255, 255, 255
  164 00000165 FF FF FF        DCB              255, 255, 255
  165 00000168 FF FF FF        DCB              255, 255, 255
  166 0000016B FF FF FF        DCB              255, 255, 255
  167 0000016E FF FF FF        DCB              255, 255, 255
  168 00000171 FF 00 00        DCB              255, 0, 0
  169 00000174 FF 00 00        DCB              255, 0, 0
  170 00000177 FF 00 00        DCB              255, 0, 0
  171 0000017A FF 00 00        DCB              255, 0, 0
  172 0000017D FF 00 00        DCB              255, 0, 0   ;france
  173 00000180         
  174 00000180         
  175 00000180         ;*******************************************************
                       *******************
  176 00000180         
  177 00000180         
  178 00000180         
  179 00000180         ;***************CODE************************************
                       *******************
  180 00000180                 AREA             moncode, code, readonly
  181 00000000         ;*******************************************************
                       *******************



ARM Macro Assembler    Page 6 


  182 00000000         
  183 00000000         
  184 00000000         
  185 00000000         
  186 00000000         ;#######################################################
                       #################
  187 00000000         ; Procédure ????
  188 00000000         ;#######################################################
                       #################
  189 00000000         ;
  190 00000000         ; Paramètre entrant  : ???
  191 00000000         ; Paramètre sortant  : ???
  192 00000000         ; Variables globales : ???
  193 00000000         ; Registres modifiés : ???
  194 00000000         ;-------------------------------------------------------
                       -----------------
  195 00000000         
  196 00000000         
  197 00000000         
  198 00000000         
  199 00000000         
  200 00000000         
  201 00000000         
  202 00000000         ;*******************************************************
                       *******************
  203 00000000                 END
Command Line: --debug --xref --diag_suppress=9931 --cpu=Cortex-M3 --apcs=interw
ork --depend=.\objects\lumiere.d -o.\objects\lumiere.o -I.\RTE\Device\STM32F107
VC -I.\RTE\_R_el -IC:\Programdata\Keil\Arm\Packs\ARM\CMSIS\5.7.0\CMSIS\Core\Inc
lude -IC:\Programdata\Keil\Arm\Packs\Keil\STM32F1xx_DFP\2.3.0\Device\Include --
predefine="__EVAL SETA 1" --predefine="__MICROLIB SETA 1" --predefine="__UVISIO
N_VERSION SETA 530" --predefine="_RTE_ SETA 1" --predefine="STM32F10X_CL SETA 1
" --predefine="_RTE_ SETA 1" --predefine="STM32F10X_CL SETA 1" --list=.\listing
s\lumiere.lst Lumiere.asm



ARM Macro Assembler    Page 1 Alphabetic symbol ordering
Relocatable symbols

Blanc 00000000

Symbol: Blanc
   Definitions
      At line 38 in file Lumiere.asm
   Uses
      At line 15 in file Lumiere.asm
Comment: Blanc used once
Bleu 00000030

Symbol: Bleu
   Definitions
      At line 55 in file Lumiere.asm
   Uses
      At line 14 in file Lumiere.asm
Comment: Bleu used once
Couleur 00000060

Symbol: Couleur
   Definitions
      At line 72 in file Lumiere.asm
   Uses
      None
Comment: Couleur unused
France 00000150

Symbol: France
   Definitions
      At line 157 in file Lumiere.asm
   Uses
      At line 20 in file Lumiere.asm
Comment: France used once
MesDonnees 00000000

Symbol: MesDonnees
   Definitions
      At line 35 in file Lumiere.asm
   Uses
      None
Comment: MesDonnees unused
PBlanc 000000C0

Symbol: PBlanc
   Definitions
      At line 106 in file Lumiere.asm
   Uses
      At line 18 in file Lumiere.asm
Comment: PBlanc used once
PBleu 000000F0

Symbol: PBleu
   Definitions
      At line 123 in file Lumiere.asm
   Uses
      At line 17 in file Lumiere.asm
Comment: PBleu used once
PRouge 00000120

Symbol: PRouge



ARM Macro Assembler    Page 2 Alphabetic symbol ordering
Relocatable symbols

   Definitions
      At line 140 in file Lumiere.asm
   Uses
      At line 19 in file Lumiere.asm
Comment: PRouge used once
Rouge 00000090

Symbol: Rouge
   Definitions
      At line 89 in file Lumiere.asm
   Uses
      At line 16 in file Lumiere.asm
Comment: Rouge used once
9 symbols



ARM Macro Assembler    Page 1 Alphabetic symbol ordering
Relocatable symbols

moncode 00000000

Symbol: moncode
   Definitions
      At line 180 in file Lumiere.asm
   Uses
      None
Comment: moncode unused
1 symbol



ARM Macro Assembler    Page 1 Alphabetic symbol ordering
Absolute symbols

GPIOBASEA 40010800

Symbol: GPIOBASEA
   Definitions
      At line 25 in file REG_UTILES.inc
   Uses
      None
Comment: GPIOBASEA unused
GPIOBASEB 40010C00

Symbol: GPIOBASEB
   Definitions
      At line 26 in file REG_UTILES.inc
   Uses
      None
Comment: GPIOBASEB unused
MaskBlank 00000004

Symbol: MaskBlank
   Definitions
      At line 38 in file REG_UTILES.inc
   Uses
      None
Comment: MaskBlank unused
MaskDsprg 00000002

Symbol: MaskDsprg
   Definitions
      At line 40 in file REG_UTILES.inc
   Uses
      None
Comment: MaskDsprg unused
MaskGsclk 00000001

Symbol: MaskGsclk
   Definitions
      At line 41 in file REG_UTILES.inc
   Uses
      None
Comment: MaskGsclk unused
MaskSclk 00000020

Symbol: MaskSclk
   Definitions
      At line 39 in file REG_UTILES.inc
   Uses
      None
Comment: MaskSclk unused
MaskSerial_Dots 00000080

Symbol: MaskSerial_Dots
   Definitions
      At line 35 in file REG_UTILES.inc
   Uses
      None
Comment: MaskSerial_Dots unused
MaskSerial_In1 00000080

Symbol: MaskSerial_In1



ARM Macro Assembler    Page 2 Alphabetic symbol ordering
Absolute symbols

   Definitions
      At line 34 in file REG_UTILES.inc
   Uses
      None
Comment: MaskSerial_In1 unused
MaskVprg 00000010

Symbol: MaskVprg
   Definitions
      At line 36 in file REG_UTILES.inc
   Uses
      None
Comment: MaskVprg unused
MaskXlat 00000008

Symbol: MaskXlat
   Definitions
      At line 37 in file REG_UTILES.inc
   Uses
      None
Comment: MaskXlat unused
Nbsecteurs 00000008

Symbol: Nbsecteurs
   Definitions
      At line 22 in file REG_UTILES.inc
   Uses
      None
Comment: Nbsecteurs unused
OffsetInput 00000008

Symbol: OffsetInput
   Definitions
      At line 28 in file REG_UTILES.inc
   Uses
      None
Comment: OffsetInput unused
OffsetOutput 0000000C

Symbol: OffsetOutput
   Definitions
      At line 29 in file REG_UTILES.inc
   Uses
      None
Comment: OffsetOutput unused
OffsetReset 00000014

Symbol: OffsetReset
   Definitions
      At line 31 in file REG_UTILES.inc
   Uses
      None
Comment: OffsetReset unused
OffsetSet 00000010

Symbol: OffsetSet
   Definitions
      At line 30 in file REG_UTILES.inc
   Uses



ARM Macro Assembler    Page 3 Alphabetic symbol ordering
Absolute symbols

      None
Comment: OffsetSet unused
PuissanceNbSecteur 00000003

Symbol: PuissanceNbSecteur
   Definitions
      At line 23 in file REG_UTILES.inc
   Uses
      None
Comment: PuissanceNbSecteur unused
SCB_VTOR E000ED08

Symbol: SCB_VTOR
   Definitions
      At line 44 in file REG_UTILES.inc
   Uses
      None
Comment: SCB_VTOR unused
TIM1_CNT 40012C24

Symbol: TIM1_CNT
   Definitions
      At line 46 in file REG_UTILES.inc
   Uses
      None
Comment: TIM1_CNT unused
TIM1_SR 40012C10

Symbol: TIM1_SR
   Definitions
      At line 45 in file REG_UTILES.inc
   Uses
      None
Comment: TIM1_SR unused
TIM4_ARR 4000082C

Symbol: TIM4_ARR
   Definitions
      At line 47 in file REG_UTILES.inc
   Uses
      None
Comment: TIM4_ARR unused
TIM4_SR 40000810

Symbol: TIM4_SR
   Definitions
      At line 48 in file REG_UTILES.inc
   Uses
      None
Comment: TIM4_SR unused
21 symbols
366 symbols in table
