


ARM Macro Assembler    Page 1 


    1 00000000         
    2 00000000         
    3 00000000         ;*******************************************************
                       *****************
    4 00000000                 THUMB
    5 00000000                 REQUIRE8
    6 00000000                 PRESERVE8
    7 00000000         ;*******************************************************
                       *****************
    8 00000000         
    9 00000000                 include          REG_UTILES.inc
    1 00000000         
    2 00000000         ;**************************************
    3 00000000         ;     Les adresess utiles  
    4 00000000         ;***************************************
    5 00000000         
    6 00000000         
    7 00000000         ;**************************************
    8 00000000         ;     Affectation des bits GPIO  
    9 00000000         ;***************************************
   10 00000000         ; GSLCK..... PA0 
   11 00000000         ; DSPRG..... PA1 
   12 00000000         ; BLANK..... PA2 
   13 00000000         ; XLAT...... PA3
   14 00000000         ; VPRG...... PA4
   15 00000000         ; SCLK...... PA5
   16 00000000         ; SIN1...... PA7
   17 00000000         ;Capteur.....PA8
   18 00000000         
   19 00000000         ;LED.........PB10
   20 00000000         ;****************************************/
   21 00000000         
   22 00000000         
   23 00000000         
   24 00000000 40010800 
                       GPIOBASEA
                               EQU              0X40010800
   25 00000000 40010C00 
                       GPIOBASEB
                               EQU              0X40010C00
   26 00000000         
   27 00000000 00000008 
                       OffsetInput
                               EQU              0x08
   28 00000000 0000000C 
                       OffsetOutput
                               EQU              0x0C
   29 00000000 00000010 
                       OffsetSet
                               EQU              0x10
   30 00000000 00000014 
                       OffsetReset
                               EQU              0x14
   31 00000000         
   32 00000000         
   33 00000000 00000080 
                       MaskSerial_In1
                               equ              0x80
   34 00000000 00000080 



ARM Macro Assembler    Page 2 


                       MaskSerial_Dots
                               equ              0x80
   35 00000000 00000010 
                       MaskVprg
                               equ              0x10
   36 00000000 00000008 
                       MaskXlat
                               equ              0x08
   37 00000000 00000004 
                       MaskBlank
                               equ              0x04
   38 00000000 00000020 
                       MaskSclk
                               equ              0x20
   39 00000000 00000002 
                       MaskDsprg
                               equ              0x02
   40 00000000 00000001 
                       MaskGsclk
                               equ              0x01
   41 00000000         
   42 00000000         
   43 00000000 E000ED08 
                       SCB_VTOR
                               EQU              0xE000ED08
   44 00000000 40012C10 
                       TIM1_SR EQU              0x40012c10
   45 00000000 40012C24 
                       TIM1_CNT
                               EQU              0x40012c24
   46 00000000 4000082C 
                       TIM4_ARR
                               EQU              0x4000082C
   47 00000000 40000810 
                       TIM4_SR EQU              0x40000810
   48 00000000         
   49 00000000         
   50 00000000         
   51 00000000         
   52 00000000         
   53 00000000                 END
   10 00000000         
   11 00000000         
   12 00000000         ;*******************************************************
                       *****************
   13 00000000         ;      IMPORT/EXPORT Système
   14 00000000         ;*******************************************************
                       *****************
   15 00000000         
   16 00000000                 IMPORT           ||Lib$$Request$$armlib|| [CODE,
WEAK]
   17 00000000         
   18 00000000                 IMPORT           Allume_LED
   19 00000000                 IMPORT           Eteint_LED
   20 00000000                 IMPORT           OldEtatUn
   21 00000000                 IMPORT           OldEtatZero
   22 00000000                 IMPORT           ChangementLED
   23 00000000         
   24 00000000         



ARM Macro Assembler    Page 3 


   25 00000000         
   26 00000000         ; IMPORT/EXPORT de procédure           
   27 00000000         
   28 00000000                 IMPORT           Init_Cible
   29 00000000         
   30 00000000         
   31 00000000                 EXPORT           main
   32 00000000         
   33 00000000         ;*******************************************************
                       ************************
   34 00000000         
   35 00000000         
   36 00000000         ;*******************************************************
                       ************************
   37 00000000                 AREA             mesdonnees, data, readwrite
   38 00000000         
   39 00000000 00 00   OldEtat DCW              0x00
   40 00000002                 EXPORT           OldEtat
   41 00000002         
   42 00000002         ;*******************************************************
                       ************************
   43 00000002         
   44 00000002                 AREA             moncode, code, readonly
   45 00000000         
   46 00000000         
   47 00000000         
   48 00000000         
   49 00000000         
   50 00000000         
   51 00000000         
   52 00000000         
   53 00000000         
   54 00000000         
   55 00000000         ;*******************************************************
                       ************************
   56 00000000         ; Procédure principale et point d'entrée du projet
   57 00000000         ;*******************************************************
                       ************************
   58 00000000         main    PROC
   59 00000000         ;*******************************************************
                       ************************
   60 00000000         
   61 00000000 F04F 0000       MOV              R0,#0
   62 00000004         
   63 00000004 F7FF FFFE       BL               Init_Cible  ;Init_cible(0)
   64 00000008         
   65 00000008 F7FF FFFE       BL               Eteint_LED  ;
   66 0000000C F04F 0700       MOV              R7, #0
   67 00000010         
   68 00000010 F8DF 8044       LDR              R8, = OldEtat
   69 00000014 F9B8 B000       LDRSH            R11, [R8]
   70 00000018         
   71 00000018         
   72 00000018 4810            LDR              R0, = GPIOBASEA
   73 0000001A F8D0 9008       LDR              R9, [R0, #OffsetInput]
   74 0000001E         
   75 0000001E F04F 0400       MOV              R4, #0
   76 00000022 F04F 0501       MOV              R5, #1      ; Nombre de Passage
                                                             



ARM Macro Assembler    Page 4 


   77 00000026         
   78 00000026         
   79 00000026         ;if oldetat == 0 et capteur == 1 => front montant
   80 00000026         ;si front montant et led == 0 => led =1
   81 00000026         ;else if front montant et led ==1 => led = 0
   82 00000026         
   83 00000026         
   84 00000026 42AC    Tantque CMP              R4, R5
   85 00000028 DA12            BGE              SortieBoucle
   86 0000002A         
   87 0000002A 480C            LDR              R0, = GPIOBASEA
   88 0000002C F8D0 9008       LDR              R9, [R0, #OffsetInput]
   89 00000030         
   90 00000030 F419 7F80 
                       si      TST              R9, #(0x1 << 8) ; le bit est à 
                                                            1 si le capteur ne 
                                                            détecte pas la prés
                                                            ence de l’aimant.
   91 00000034 D009            BEQ              Sinon
   92 00000036         
   93 00000036 F1BB 0F01 
                       alors   CMP              R11, #0x01  ; Si OldEtat = 1 on
                                                             sort du Si
   94 0000003A D008            BEQ              Sortie
   95 0000003C         
   96 0000003C F7FF FFFE       BL               OldEtatUn   ; Variable OldEtat 
                                                            passe à 1
   97 00000040 F104 0401       ADD              R4, #1
   98 00000044 F7FF FFFE       BL               ChangementLED ; Changement Etat
                                                             LED
   99 00000048         
  100 00000048 E001            B                Sortie
  101 0000004A         
  102 0000004A F7FF FFFE 
                       Sinon   BL               OldEtatZero ; Variable OldEtat 
                                                            passe à 0 
  103 0000004E         
  104 0000004E E7EA    Sortie  B                Tantque
  105 00000050         
  106 00000050         SortieBoucle
  107 00000050 F7FF FFFE       BL               Allume_LED  ; pour allumer la L
                                                            ED avec le registre
                                                             SET
  108 00000054         ;MOV R7, #1
  109 00000054         
  110 00000054         ;  ;Tantque(vrai)
  111 00000054         ;  ;rien Faire ; boucle infinie terminale
  112 00000054         ;  
  113 00000054         ;  B .    ; boucle inifinie terminale...
  114 00000054         
  115 00000054         
  116 00000054 4770            BX               LR
  117 00000056         
  118 00000056                 ENDP
  119 00000056         
  120 00000056                 END
              00 00 00000000 
              40010800 
Command Line: --debug --xref --diag_suppress=9931 --cpu=Cortex-M3 --apcs=interw



ARM Macro Assembler    Page 5 


ork --depend=.\objects\principale.d -o.\objects\principale.o -I.\RTE\Device\STM
32F103RB -I.\RTE\_Simul_ -ID:\Users\gwlow\AppData\Local\Arm\Packs\ARM\CMSIS\5.7
.0\CMSIS\Core\Include -ID:\Users\gwlow\AppData\Local\Arm\Packs\Keil\STM32F1xx_D
FP\2.3.0\Device\Include --predefine="__EVAL SETA 1" --predefine="__MICROLIB SET
A 1" --predefine="__UVISION_VERSION SETA 533" --predefine="_RTE_ SETA 1" --pred
efine="STM32F10X_MD SETA 1" --predefine="_RTE_ SETA 1" --predefine="STM32F10X_M
D SETA 1" --list=.\listings\principale.lst Principale.asm



ARM Macro Assembler    Page 1 Alphabetic symbol ordering
Relocatable symbols

OldEtat 00000000

Symbol: OldEtat
   Definitions
      At line 39 in file Principale.asm
   Uses
      At line 40 in file Principale.asm
      At line 68 in file Principale.asm

mesdonnees 00000000

Symbol: mesdonnees
   Definitions
      At line 37 in file Principale.asm
   Uses
      None
Comment: mesdonnees unused
2 symbols



ARM Macro Assembler    Page 1 Alphabetic symbol ordering
Relocatable symbols

Sinon 0000004A

Symbol: Sinon
   Definitions
      At line 102 in file Principale.asm
   Uses
      At line 91 in file Principale.asm
Comment: Sinon used once
Sortie 0000004E

Symbol: Sortie
   Definitions
      At line 104 in file Principale.asm
   Uses
      At line 94 in file Principale.asm
      At line 100 in file Principale.asm

SortieBoucle 00000050

Symbol: SortieBoucle
   Definitions
      At line 106 in file Principale.asm
   Uses
      At line 85 in file Principale.asm
Comment: SortieBoucle used once
Tantque 00000026

Symbol: Tantque
   Definitions
      At line 84 in file Principale.asm
   Uses
      At line 104 in file Principale.asm
Comment: Tantque used once
alors 00000036

Symbol: alors
   Definitions
      At line 93 in file Principale.asm
   Uses
      None
Comment: alors unused
main 00000000

Symbol: main
   Definitions
      At line 58 in file Principale.asm
   Uses
      At line 31 in file Principale.asm
Comment: main used once
moncode 00000000

Symbol: moncode
   Definitions
      At line 44 in file Principale.asm
   Uses
      None
Comment: moncode unused
si 00000030




ARM Macro Assembler    Page 2 Alphabetic symbol ordering
Relocatable symbols

Symbol: si
   Definitions
      At line 90 in file Principale.asm
   Uses
      None
Comment: si unused
8 symbols



ARM Macro Assembler    Page 1 Alphabetic symbol ordering
Absolute symbols

GPIOBASEA 40010800

Symbol: GPIOBASEA
   Definitions
      At line 24 in file REG_UTILES.inc
   Uses
      At line 72 in file Principale.asm
      At line 87 in file Principale.asm

GPIOBASEB 40010C00

Symbol: GPIOBASEB
   Definitions
      At line 25 in file REG_UTILES.inc
   Uses
      None
Comment: GPIOBASEB unused
MaskBlank 00000004

Symbol: MaskBlank
   Definitions
      At line 37 in file REG_UTILES.inc
   Uses
      None
Comment: MaskBlank unused
MaskDsprg 00000002

Symbol: MaskDsprg
   Definitions
      At line 39 in file REG_UTILES.inc
   Uses
      None
Comment: MaskDsprg unused
MaskGsclk 00000001

Symbol: MaskGsclk
   Definitions
      At line 40 in file REG_UTILES.inc
   Uses
      None
Comment: MaskGsclk unused
MaskSclk 00000020

Symbol: MaskSclk
   Definitions
      At line 38 in file REG_UTILES.inc
   Uses
      None
Comment: MaskSclk unused
MaskSerial_Dots 00000080

Symbol: MaskSerial_Dots
   Definitions
      At line 34 in file REG_UTILES.inc
   Uses
      None
Comment: MaskSerial_Dots unused
MaskSerial_In1 00000080




ARM Macro Assembler    Page 2 Alphabetic symbol ordering
Absolute symbols

Symbol: MaskSerial_In1
   Definitions
      At line 33 in file REG_UTILES.inc
   Uses
      None
Comment: MaskSerial_In1 unused
MaskVprg 00000010

Symbol: MaskVprg
   Definitions
      At line 35 in file REG_UTILES.inc
   Uses
      None
Comment: MaskVprg unused
MaskXlat 00000008

Symbol: MaskXlat
   Definitions
      At line 36 in file REG_UTILES.inc
   Uses
      None
Comment: MaskXlat unused
OffsetInput 00000008

Symbol: OffsetInput
   Definitions
      At line 27 in file REG_UTILES.inc
   Uses
      At line 73 in file Principale.asm
      At line 88 in file Principale.asm

OffsetOutput 0000000C

Symbol: OffsetOutput
   Definitions
      At line 28 in file REG_UTILES.inc
   Uses
      None
Comment: OffsetOutput unused
OffsetReset 00000014

Symbol: OffsetReset
   Definitions
      At line 30 in file REG_UTILES.inc
   Uses
      None
Comment: OffsetReset unused
OffsetSet 00000010

Symbol: OffsetSet
   Definitions
      At line 29 in file REG_UTILES.inc
   Uses
      None
Comment: OffsetSet unused
SCB_VTOR E000ED08

Symbol: SCB_VTOR
   Definitions



ARM Macro Assembler    Page 3 Alphabetic symbol ordering
Absolute symbols

      At line 43 in file REG_UTILES.inc
   Uses
      None
Comment: SCB_VTOR unused
TIM1_CNT 40012C24

Symbol: TIM1_CNT
   Definitions
      At line 45 in file REG_UTILES.inc
   Uses
      None
Comment: TIM1_CNT unused
TIM1_SR 40012C10

Symbol: TIM1_SR
   Definitions
      At line 44 in file REG_UTILES.inc
   Uses
      None
Comment: TIM1_SR unused
TIM4_ARR 4000082C

Symbol: TIM4_ARR
   Definitions
      At line 46 in file REG_UTILES.inc
   Uses
      None
Comment: TIM4_ARR unused
TIM4_SR 40000810

Symbol: TIM4_SR
   Definitions
      At line 47 in file REG_UTILES.inc
   Uses
      None
Comment: TIM4_SR unused
19 symbols



ARM Macro Assembler    Page 1 Alphabetic symbol ordering
External symbols

Allume_LED 00000000

Symbol: Allume_LED
   Definitions
      At line 18 in file Principale.asm
   Uses
      At line 107 in file Principale.asm
Comment: Allume_LED used once
ChangementLED 00000000

Symbol: ChangementLED
   Definitions
      At line 22 in file Principale.asm
   Uses
      At line 98 in file Principale.asm
Comment: ChangementLED used once
Eteint_LED 00000000

Symbol: Eteint_LED
   Definitions
      At line 19 in file Principale.asm
   Uses
      At line 65 in file Principale.asm
Comment: Eteint_LED used once
Init_Cible 00000000

Symbol: Init_Cible
   Definitions
      At line 28 in file Principale.asm
   Uses
      At line 63 in file Principale.asm
Comment: Init_Cible used once
OldEtatUn 00000000

Symbol: OldEtatUn
   Definitions
      At line 20 in file Principale.asm
   Uses
      At line 96 in file Principale.asm
Comment: OldEtatUn used once
OldEtatZero 00000000

Symbol: OldEtatZero
   Definitions
      At line 21 in file Principale.asm
   Uses
      At line 102 in file Principale.asm
Comment: OldEtatZero used once
|Lib$$Request$$armlib| 00000000

Symbol: |Lib$$Request$$armlib|
   Definitions
      At line 16 in file Principale.asm
   Uses
      None
Comment: |Lib$$Request$$armlib| unused
7 symbols
373 symbols in table
